0 info it worked if it ends with ok
1 verbose cli [ 'C:\\node\\\\node.exe',
1 verbose cli   'C:\\node\\node_modules\\npm\\bin\\npm-cli.js',
1 verbose cli   'install',
1 verbose cli   'npm-debug' ]
2 info using npm@2.11.3
3 info using node@v0.12.7
4 verbose install initial load of D:\github\afnarquiNode01\package.json
5 verbose installManyTop reading scoped package data from D:\github\afnarquiNode01\node_modules\azure\package.json
6 verbose installManyTop reading scoped package data from D:\github\afnarquiNode01\node_modules\body-parser\package.json
7 verbose installManyTop reading scoped package data from D:\github\afnarquiNode01\node_modules\cookie-parser\package.json
8 verbose installManyTop reading scoped package data from D:\github\afnarquiNode01\node_modules\debug\package.json
9 verbose installManyTop reading scoped package data from D:\github\afnarquiNode01\node_modules\express\package.json
10 verbose installManyTop reading scoped package data from D:\github\afnarquiNode01\node_modules\jade\package.json
11 verbose installManyTop reading scoped package data from D:\github\afnarquiNode01\node_modules\morgan\package.json
12 verbose installManyTop reading scoped package data from D:\github\afnarquiNode01\node_modules\serve-favicon\package.json
13 verbose installManyTop reading scoped package data from D:\github\afnarquiNode01\node_modules\swig\package.json
14 info package.json azure@0.10.6 No license field.
15 verbose readDependencies loading dependencies from D:\github\afnarquiNode01\package.json
16 silly cache add args [ 'npm-debug', null ]
17 verbose cache add spec npm-debug
18 silly cache add parsed spec { raw: 'npm-debug',
18 silly cache add   scope: null,
18 silly cache add   name: 'npm-debug',
18 silly cache add   rawSpec: '',
18 silly cache add   spec: '*',
18 silly cache add   type: 'range' }
19 silly addNamed npm-debug@*
20 verbose addNamed "*" is a valid semver range for npm-debug
21 silly addNameRange { name: 'npm-debug', range: '*', hasData: false }
22 silly mapToRegistry name npm-debug
23 silly mapToRegistry using default registry
24 silly mapToRegistry registry https://registry.npmjs.org/
25 silly mapToRegistry uri https://registry.npmjs.org/npm-debug
26 verbose addNameRange registry:https://registry.npmjs.org/npm-debug not in flight; fetching
27 verbose request uri https://registry.npmjs.org/npm-debug
28 verbose request no auth needed
29 info attempt registry request try #1 at 06:53:13
30 verbose request id 60f819b87de5736e
31 http request GET https://registry.npmjs.org/npm-debug
32 http 404 https://registry.npmjs.org/npm-debug
33 verbose headers { server: 'CouchDB/1.5.0 (Erlang OTP/R16B03)',
33 verbose headers   'content-type': 'application/json',
33 verbose headers   'cache-control': 'max-age=0',
33 verbose headers   'content-length': '51',
33 verbose headers   'accept-ranges': 'bytes',
33 verbose headers   date: 'Sat, 01 Aug 2015 23:53:18 GMT',
33 verbose headers   via: '1.1 varnish',
33 verbose headers   age: '0',
33 verbose headers   connection: 'keep-alive',
33 verbose headers   'x-served-by': 'cache-atl6225-ATL',
33 verbose headers   'x-cache': 'MISS',
33 verbose headers   'x-cache-hits': '0',
33 verbose headers   'x-timer': 'S1438473197.768245,VS0,VE349' }
34 silly get cb [ 404,
34 silly get   { server: 'CouchDB/1.5.0 (Erlang OTP/R16B03)',
34 silly get     'content-type': 'application/json',
34 silly get     'cache-control': 'max-age=0',
34 silly get     'content-length': '51',
34 silly get     'accept-ranges': 'bytes',
34 silly get     date: 'Sat, 01 Aug 2015 23:53:18 GMT',
34 silly get     via: '1.1 varnish',
34 silly get     age: '0',
34 silly get     connection: 'keep-alive',
34 silly get     'x-served-by': 'cache-atl6225-ATL',
34 silly get     'x-cache': 'MISS',
34 silly get     'x-cache-hits': '0',
34 silly get     'x-timer': 'S1438473197.768245,VS0,VE349' } ]
35 verbose stack Error: 404 Not Found: npm-debug
35 verbose stack     at CachingRegistryClient.<anonymous> (C:\node\node_modules\npm\node_modules\npm-registry-client\lib\request.js:245:14)
35 verbose stack     at Request._callback (C:\node\node_modules\npm\node_modules\npm-registry-client\lib\request.js:170:14)
35 verbose stack     at Request.self.callback (C:\node\node_modules\npm\node_modules\request\request.js:354:22)
35 verbose stack     at Request.emit (events.js:110:17)
35 verbose stack     at Request.<anonymous> (C:\node\node_modules\npm\node_modules\request\request.js:1207:14)
35 verbose stack     at Request.emit (events.js:129:20)
35 verbose stack     at IncomingMessage.<anonymous> (C:\node\node_modules\npm\node_modules\request\request.js:1153:12)
35 verbose stack     at IncomingMessage.emit (events.js:129:20)
35 verbose stack     at _stream_readable.js:908:16
35 verbose stack     at process._tickCallback (node.js:355:11)
36 verbose statusCode 404
37 verbose pkgid npm-debug
38 verbose cwd D:\github\afnarquiNode01
39 error Windows_NT 6.3.9600
40 error argv "C:\\node\\\\node.exe" "C:\\node\\node_modules\\npm\\bin\\npm-cli.js" "install" "npm-debug"
41 error node v0.12.7
42 error npm  v2.11.3
43 error code E404
44 error 404 Not Found: npm-debug
44 error 404
44 error 404 'npm-debug' is not in the npm registry.
44 error 404 You should bug the author to publish it (or use the name yourself!)
44 error 404 It was specified as a dependency of 'afnarquiNode01'
44 error 404
44 error 404 Note that you can also install from a
44 error 404 tarball, folder, http url, or git url.
45 verbose exit [ 1, true ]
